<?xml version="1.0" encoding="UTF-8"?>
<!-- Generated by org.testng.reporters.JUnitXMLReporter -->
<testsuite ignored="1" hostname="beautifulsmile" failures="0" tests="2" name="SmokeTest" time="13.901" errors="0" timestamp="2025-10-15T02:15:15 IST">
  <testcase classname="types_of_execution.Demo1" name="case1" time="7.397"/>
  <testcase classname="types_of_execution.Demo3" name="case3" time="6.422"/>
  <testcase classname="types_of_execution.Demo1" name="case101" time="0.0">
    <ignored/>
  </testcase> <!-- case101 -->
</testsuite> <!-- SmokeTest -->
