<?xml version="1.0" encoding="UTF-8"?>
<!-- Generated by org.testng.reporters.JUnitXMLReporter -->
<testsuite ignored="2" hostname="beautifulsmile" failures="0" tests="4" name="Test" time="27.757" errors="0" timestamp="2025-10-15T01:33:48 IST">
  <testcase classname="types_of_execution.Demo6" name="Case601" time="7.642"/>
  <testcase classname="types_of_execution.Demo6" name="Case61" time="6.383"/>
  <testcase classname="types_of_execution.Demo7" name="Case701" time="6.569"/>
  <testcase classname="types_of_execution.Demo7" name="Case71" time="7.067"/>
  <testcase classname="types_of_execution.Demo6" name="Case6" time="0.0">
    <ignored/>
  </testcase> <!-- Case6 -->
  <testcase classname="types_of_execution.Demo7" name="Case7" time="0.0">
    <ignored/>
  </testcase> <!-- Case7 -->
</testsuite> <!-- Test -->
