<?xml version="1.0" encoding="UTF-8"?>
<!-- Generated by org.testng.reporters.JUnitReportReporter -->
<testsuite hostname="beautifulsmile" failures="0" tests="2" name="Testing_extra.Demo1" time="0.031" errors="0" timestamp="2025-10-10T23:54:18 IST" skipped="0">
  <testcase classname="Testing_extra.Demo1" name="case1" time="0.023"/>
  <testcase classname="Testing_extra.Demo1" name="case2" time="0.008">
    <system-out>
      <![CDATA[Plz go elsewhere....]]>
    </system-out>
  </testcase> <!-- case2 -->
  <system-out>
    <![CDATA[Plz go elsewhere....]]>
  </system-out>
</testsuite> <!-- Testing_extra.Demo1 -->
