<?xml version="1.0" encoding="UTF-8"?>
<!-- Generated by org.testng.reporters.JUnitReportReporter -->
<testsuite hostname="beautifulsmile" failures="0" tests="11" name="Testing_extra.DemoForInvocationTest" time="51.833" errors="0" timestamp="2025-10-11T00:11:28 IST" skipped="1">
  <testcase classname="Testing_extra.DemoForInvocationTest" name="case3" time="6.098"/>
  <testcase classname="Testing_extra.DemoForInvocationTest" name="case3" time="6.130"/>
  <testcase classname="Testing_extra.DemoForInvocationTest" name="case3" time="4.316"/>
  <testcase classname="Testing_extra.DemoForInvocationTest" name="case3" time="4.897"/>
  <testcase classname="Testing_extra.DemoForInvocationTest" name="case3" time="4.816"/>
  <testcase classname="Testing_extra.DemoForInvocationTest" name="case3" time="6.098"/>
  <testcase classname="Testing_extra.DemoForInvocationTest" name="case3" time="4.924"/>
  <testcase classname="Testing_extra.DemoForInvocationTest" name="case3" time="4.897"/>
  <testcase classname="Testing_extra.DemoForInvocationTest" name="case3" time="4.767"/>
  <testcase classname="Testing_extra.DemoForInvocationTest" name="case3" time="4.890"/>
  <testcase classname="Testing_extra.DemoForInvocationTest" name="case2">
    <skipped/>
  </testcase> <!-- case2 -->
</testsuite> <!-- Testing_extra.DemoForInvocationTest -->
