<?xml version="1.0" encoding="UTF-8"?>
<!-- Generated by org.testng.reporters.JUnitReportReporter -->
<testsuite hostname="beautifulsmile" failures="0" tests="3" name="Testing_extra.DemoTest" time="0.027" errors="0" timestamp="2025-10-11T00:05:09 IST" skipped="0">
  <testcase classname="Testing_extra.DemoTest" name="case2" time="0.005">
    <system-out>
      <![CDATA[case 2 : Plz go elsewhere....]]>
    </system-out>
  </testcase> <!-- case2 -->
  <testcase classname="Testing_extra.DemoTest" name="case3" time="0.003">
    <system-out>
      <![CDATA[case 3 : Plz go elsewhere....]]>
    </system-out>
  </testcase> <!-- case3 -->
  <testcase classname="Testing_extra.DemoTest" name="case1" time="0.019"/>
  <system-out>
    <![CDATA[case 2 : Plz go elsewhere....
case 3 : Plz go elsewhere....]]>
  </system-out>
</testsuite> <!-- Testing_extra.DemoTest -->
