<?xml version="1.0" encoding="UTF-8"?>
<testng-results ignored="0" total="1" passed="1" failed="0" skipped="0">
  <reporter-output>
  </reporter-output>
  <suite started-at="2025-10-30T18:02:03 IST" name="Default suite" finished-at="2025-10-30T18:02:07 IST" duration-ms="3979">
    <groups>
    </groups>
    <test started-at="2025-10-30T18:02:03 IST" name="Default test" finished-at="2025-10-30T18:02:07 IST" duration-ms="3979">
      <class name="advance_reports.SauceDemo">
        <test-method signature="login()[pri:0, instance:advance_reports.SauceDemo@397fbdb]" started-at="2025-10-30T18:02:03 IST" name="login" finished-at="2025-10-30T18:02:07 IST" duration-ms="3905" status="PASS">
          <reporter-output>
          </reporter-output>
        </test-method> <!-- login -->
      </class> <!-- advance_reports.SauceDemo -->
    </test> <!-- Default test -->
  </suite> <!-- Default suite -->
</testng-results>
